<?xml version='1.0'?>
<ns2:test-suite xmlns:ns2='urn:model.allure.qatools.yandex.ru' start='1671471352637' stop='1671471378086'>
    <name>Opencart</name>
    <title>Opencart</title>
    <test-cases>
        <test-case start='1671471352638' status='broken' stop='1671471361559'>
            <name>Deberia buscar MacBook y agregarlo al carrito</name>
            <title>Deberia buscar MacBook y agregarlo al carrito</title>
            <labels>
                <label name='language' value='javascript'/>
                <label name='framework' value='wdio'/>
                <label name='thread' value='0-0'/>
            </labels>
            <parameters>
                <parameter kind='argument' name='browser' value='chrome-108.0.5359.100'/>
            </parameters>
            <steps>
                <step start='1671471355441' status='passed' stop='1671471355441'>
                    <name>Buscar producto: MacBook</name>
                    <title>Buscar producto: MacBook</title>
                    <attachments/>
                    <steps/>
                </step>
                <step start='1671471357400' status='passed' stop='1671471357400'>
                    <name>Obtener texto de la barra de búsqueda</name>
                    <title>Obtener texto de la barra de búsqueda</title>
                    <attachments/>
                    <steps/>
                </step>
                <step start='1671471357694' status='passed' stop='1671471357694'>
                    <name>Ingresar a MacBook.</name>
                    <title>Ingresar a MacBook.</title>
                    <attachments/>
                    <steps/>
                </step>
                <step start='1671471360588' status='passed' stop='1671471360588'>
                    <name>Obtiene precio de MacBook</name>
                    <title>Obtiene precio de MacBook</title>
                    <attachments/>
                    <steps/>
                </step>
                <step start='1671471360771' status='passed' stop='1671471360771'>
                    <name>Agrega los precios a un array</name>
                    <title>Agrega los precios a un array</title>
                    <attachments/>
                    <steps/>
                </step>
            </steps>
            <attachments>
                <attachment title='Screenshot' source='498af3f1-dddc-4f80-bcb5-9b7d45907e99-attachment.png' type='image/png' size='105038'/>
            </attachments>
            <failure>
                <message>product is not defined</message>
                <stack-trace>ReferenceError: product is not defined
                    at ProductPage.anadirAlCarrito (C:\Users\flore\Documents\GitHub\test-cases-opencart\pages\/product.page.js:35:24)
                    at Context.&lt;anonymous> (C:\Users\flore\Documents\GitHub\test-cases-opencart\tests\/carrito.js:27:27)
                    at processTicksAndRejections (node:internal/process/task_queues:95:5)</stack-trace>
            </failure>
        </test-case>
        <test-case start='1671471361559' status='broken' stop='1671471367042'>
            <name>Deberia buscar iPhone y agregarlo al carrito</name>
            <title>Deberia buscar iPhone y agregarlo al carrito</title>
            <labels>
                <label name='language' value='javascript'/>
                <label name='framework' value='wdio'/>
                <label name='thread' value='0-0'/>
            </labels>
            <parameters>
                <parameter kind='argument' name='browser' value='chrome-108.0.5359.100'/>
            </parameters>
            <steps>
                <step start='1671471362179' status='passed' stop='1671471362179'>
                    <name>Buscar producto: iPhone</name>
                    <title>Buscar producto: iPhone</title>
                    <attachments/>
                    <steps/>
                </step>
                <step start='1671471363549' status='passed' stop='1671471363549'>
                    <name>Obtener texto de la barra de búsqueda</name>
                    <title>Obtener texto de la barra de búsqueda</title>
                    <attachments/>
                    <steps/>
                </step>
                <step start='1671471363802' status='passed' stop='1671471363802'>
                    <name>Ingresar a iPhone.</name>
                    <title>Ingresar a iPhone.</title>
                    <attachments/>
                    <steps/>
                </step>
                <step start='1671471366033' status='passed' stop='1671471366033'>
                    <name>Obtiene precio de iPhone</name>
                    <title>Obtiene precio de iPhone</title>
                    <attachments/>
                    <steps/>
                </step>
                <step start='1671471366203' status='passed' stop='1671471366203'>
                    <name>Agrega los precios a un array</name>
                    <title>Agrega los precios a un array</title>
                    <attachments/>
                    <steps/>
                </step>
            </steps>
            <attachments>
                <attachment title='Screenshot' source='4ed4ea95-d99c-4dcc-b5f1-11ce6ff1795e-attachment.png' type='image/png' size='125691'/>
            </attachments>
            <failure>
                <message>product is not defined</message>
                <stack-trace>ReferenceError: product is not defined
                    at ProductPage.anadirAlCarrito (C:\Users\flore\Documents\GitHub\test-cases-opencart\pages\/product.page.js:35:24)
                    at Context.&lt;anonymous> (C:\Users\flore\Documents\GitHub\test-cases-opencart\tests\/carrito.js:27:27)
                    at processTicksAndRejections (node:internal/process/task_queues:95:5)</stack-trace>
            </failure>
        </test-case>
        <test-case start='1671471367043' status='broken' stop='1671471378084'>
            <name>Deberia chequear que los dos productos se agregaron al carrito</name>
            <title>Deberia chequear que los dos productos se agregaron al carrito</title>
            <labels>
                <label name='language' value='javascript'/>
                <label name='framework' value='wdio'/>
                <label name='thread' value='0-0'/>
            </labels>
            <parameters>
                <parameter kind='argument' name='browser' value='chrome-108.0.5359.100'/>
            </parameters>
            <steps>
                <step start='1671471367044' status='passed' stop='1671471367044'>
                    <name>Ingresa al carrito</name>
                    <title>Ingresa al carrito</title>
                    <attachments/>
                    <steps/>
                </step>
                <step start='1671471367751' status='passed' stop='1671471367751'>
                    <name>Obtiene precio del total de la compra del carrito</name>
                    <title>Obtiene precio del total de la compra del carrito</title>
                    <attachments/>
                    <steps/>
                </step>
            </steps>
            <attachments>
                <attachment title='Screenshot' source='24401811-fe81-4f55-8339-60a67a597b10-attachment.png' type='image/png' size='127339'/>
            </attachments>
            <failure>
                <message>Can't call getText on element with selector "//tr[4]/td[2]" because element wasn't found</message>
                <stack-trace>Error: Can't call getText on element with selector "//tr[4]/td[2]" because element wasn't found
                    at implicitWait (C:\Users\flore\Documents\GitHub\test-cases-opencart\node_modules\webdriverio\build\utils\implicitWait.js:34:19)
                    at Element.elementErrorHandlerCallbackFn (C:\Users\flore\Documents\GitHub\test-cases-opencart\node_modules\webdriverio\build\middlewares.js:20:29)
                    at Element.wrapCommandFn (C:\Users\flore\Documents\GitHub\test-cases-opencart\node_modules\@wdio\utils\build\shim.js:137:29)
                    at shoppingcartPage.totalPriceShoppingcart (C:\Users\flore\Documents\GitHub\test-cases-opencart\pages\/shoppingcart.page.js:21:16)
                    at Context.&lt;anonymous> (C:\Users\flore\Documents\GitHub\test-cases-opencart\tests\/carrito.js:36:29)</stack-trace>
            </failure>
        </test-case>
    </test-cases>
</ns2:test-suite>