<?xml version='1.0'?>
<ns2:test-suite xmlns:ns2='urn:model.allure.qatools.yandex.ru' start='1672182539977' stop='1672182562813'>
    <name>Shopping cart</name>
    <title>Shopping cart</title>
    <test-cases>
        <test-case start='1672182539978' status='broken' stop='1672182549041'>
            <name>Should look for MacBook and add it to shopping cart</name>
            <title>Should look for MacBook and add it to shopping cart</title>
            <labels>
                <label name='language' value='javascript'/>
                <label name='framework' value='wdio'/>
                <label name='thread' value='0-3'/>
            </labels>
            <parameters>
                <parameter kind='argument' name='browser' value='chrome-108.0.5359.125'/>
            </parameters>
            <steps>
                <step start='1672182548033' status='passed' stop='1672182548033'>
                    <name>Search product: MacBook</name>
                    <title>Search product: MacBook</title>
                    <attachments/>
                    <steps/>
                </step>
            </steps>
            <attachments>
                <attachment title='Screenshot' source='a96a8111-7f88-4aae-ad50-c40e14d05c26-attachment.png' type='image/png' size='283785'/>
            </attachments>
            <failure>
                <message>Cannot read properties of undefined (reading 'isDevTools')</message>
                <stack-trace>TypeError: Cannot read properties of undefined (reading 'isDevTools')
                    at findElement (C:\Users\flore\Documents\GitHub\test-cases-opencart\node_modules\webdriverio\build\utils\index.js:216:15)
                    at $ (C:\Users\flore\Documents\GitHub\test-cases-opencart\node_modules\webdriverio\build\commands\browser\$.js:91:43)
                    at HomePage.barraDeBusqueda (C:\Users\flore\Documents\GitHub\test-cases-opencart\pages\/home.page.js:7:35)
                    at HomePage.search (C:\Users\flore\Documents\GitHub\test-cases-opencart\pages\/home.page.js:30:55)
                    at Context.&lt;anonymous> (C:\Users\flore\Documents\GitHub\test-cases-opencart\tests\/shoppingCart.test.js:18:24)
                    at processTicksAndRejections (node:internal/process/task_queues:95:5)</stack-trace>
            </failure>
        </test-case>
        <test-case start='1672182549042' status='broken' stop='1672182551330'>
            <name>Should look for iPhone and add it to shopping cart</name>
            <title>Should look for iPhone and add it to shopping cart</title>
            <labels>
                <label name='language' value='javascript'/>
                <label name='framework' value='wdio'/>
                <label name='thread' value='0-3'/>
            </labels>
            <parameters>
                <parameter kind='argument' name='browser' value='chrome-108.0.5359.125'/>
            </parameters>
            <steps>
                <step start='1672182550813' status='passed' stop='1672182550813'>
                    <name>Search product: iPhone</name>
                    <title>Search product: iPhone</title>
                    <attachments/>
                    <steps/>
                </step>
            </steps>
            <attachments>
                <attachment title='Screenshot' source='ce648897-b1ea-4442-b74f-a4dc8bf12272-attachment.png' type='image/png' size='163138'/>
            </attachments>
            <failure>
                <message>Cannot read properties of undefined (reading 'isDevTools')</message>
                <stack-trace>TypeError: Cannot read properties of undefined (reading 'isDevTools')
                    at findElement (C:\Users\flore\Documents\GitHub\test-cases-opencart\node_modules\webdriverio\build\utils\index.js:216:15)
                    at $ (C:\Users\flore\Documents\GitHub\test-cases-opencart\node_modules\webdriverio\build\commands\browser\$.js:91:43)
                    at HomePage.barraDeBusqueda (C:\Users\flore\Documents\GitHub\test-cases-opencart\pages\/home.page.js:7:35)
                    at HomePage.search (C:\Users\flore\Documents\GitHub\test-cases-opencart\pages\/home.page.js:30:55)
                    at Context.&lt;anonymous> (C:\Users\flore\Documents\GitHub\test-cases-opencart\tests\/shoppingCart.test.js:18:24)
                    at processTicksAndRejections (node:internal/process/task_queues:95:5)</stack-trace>
            </failure>
        </test-case>
        <test-case start='1672182551344' status='broken' stop='1672182562808'>
            <name>Should check that the two products were added to the cart</name>
            <title>Should check that the two products were added to the cart</title>
            <labels>
                <label name='language' value='javascript'/>
                <label name='framework' value='wdio'/>
                <label name='thread' value='0-3'/>
            </labels>
            <parameters>
                <parameter kind='argument' name='browser' value='chrome-108.0.5359.125'/>
            </parameters>
            <steps>
                <step start='1672182551346' status='passed' stop='1672182551346'>
                    <name>Enter to the shopping cart</name>
                    <title>Enter to the shopping cart</title>
                    <attachments/>
                    <steps/>
                </step>
                <step start='1672182551975' status='passed' stop='1672182551975'>
                    <name>Get total cart purchase price</name>
                    <title>Get total cart purchase price</title>
                    <attachments/>
                    <steps/>
                </step>
            </steps>
            <attachments>
                <attachment title='Screenshot' source='43ea77c8-53dc-47ca-8089-64d7b68d0203-attachment.png' type='image/png' size='163832'/>
            </attachments>
            <failure>
                <message>Can't call getText on element with selector "//tr[4]/td[2]" because element wasn't found</message>
                <stack-trace>Error: Can't call getText on element with selector "//tr[4]/td[2]" because element wasn't found
                    at implicitWait (C:\Users\flore\Documents\GitHub\test-cases-opencart\node_modules\webdriverio\build\utils\implicitWait.js:34:19)
                    at Element.elementErrorHandlerCallbackFn (C:\Users\flore\Documents\GitHub\test-cases-opencart\node_modules\webdriverio\build\middlewares.js:20:29)
                    at Element.wrapCommandFn (C:\Users\flore\Documents\GitHub\test-cases-opencart\node_modules\@wdio\utils\build\shim.js:137:29)
                    at shoppingcartPage.totalPriceShoppingcart (C:\Users\flore\Documents\GitHub\test-cases-opencart\pages\/shoppingCart.page.js:29:16)
                    at Context.&lt;anonymous> (C:\Users\flore\Documents\GitHub\test-cases-opencart\tests\/shoppingCart.test.js:36:29)</stack-trace>
            </failure>
        </test-case>
    </test-cases>
</ns2:test-suite>