<?xml version='1.0'?>
<ns2:test-suite xmlns:ns2='urn:model.allure.qatools.yandex.ru' start='1671153417403' stop='1671153449725'>
    <name>Opencart</name>
    <title>Opencart</title>
    <test-cases>
        <test-case start='1671153417404' status='broken' stop='1671153436435'>
            <name>Deberia buscar MacBook y agregarlo al carrito</name>
            <title>Deberia buscar MacBook y agregarlo al carrito</title>
            <labels>
                <label name='language' value='javascript'/>
                <label name='framework' value='wdio'/>
                <label name='thread' value='0-0'/>
            </labels>
            <parameters>
                <parameter kind='argument' name='browser' value='chrome-108.0.5359.100'/>
            </parameters>
            <steps>
                <step start='1671153422221' status='passed' stop='1671153422221'>
                    <name>Buscar artículo: MacBook</name>
                    <title>Buscar artículo: MacBook</title>
                    <attachments/>
                    <steps/>
                </step>
                <step start='1671153425413' status='passed' stop='1671153425413'>
                    <name>Obtener texto de la barra de búsqueda</name>
                    <title>Obtener texto de la barra de búsqueda</title>
                    <attachments/>
                    <steps/>
                </step>
            </steps>
            <attachments>
                <attachment title='Screenshot' source='4e70dbfd-c053-450f-8990-0f2c0315aa49-attachment.png' type='image/png' size='147268'/>
            </attachments>
            <failure>
                <message>element ("#button-cart") still not clickable after 10000ms</message>
                <stack-trace>Error: element ("#button-cart") still not clickable after 10000ms
                    at C:\Users\flore\Documents\GitHub\test-cases-opencart\node_modules\webdriverio\build\commands\browser\waitUntil.js:66:23
                    at Element.wrapCommandFn (C:\Users\flore\Documents\GitHub\test-cases-opencart\node_modules\@wdio\utils\build\shim.js:137:29)
                    at Element.elementErrorHandlerCallbackFn (C:\Users\flore\Documents\GitHub\test-cases-opencart\node_modules\webdriverio\build\middlewares.js:24:32)
                    at Element.wrapCommandFn (C:\Users\flore\Documents\GitHub\test-cases-opencart\node_modules\@wdio\utils\build\shim.js:137:29)
                    at Element.wrapCommandFn (C:\Users\flore\Documents\GitHub\test-cases-opencart\node_modules\@wdio\utils\build\shim.js:137:29)
                    at Element.elementErrorHandlerCallbackFn (C:\Users\flore\Documents\GitHub\test-cases-opencart\node_modules\webdriverio\build\middlewares.js:24:32)
                    at Element.wrapCommandFn (C:\Users\flore\Documents\GitHub\test-cases-opencart\node_modules\@wdio\utils\build\shim.js:137:29)
                    at ProductPage.clickearElemento (C:\Users\flore\Documents\GitHub\test-cases-opencart\pages\/base.page.js:20:8)
                    at ProductPage.anadirAlCarrito (C:\Users\flore\Documents\GitHub\test-cases-opencart\pages\/product.page.js:19:5)
                    at Context.&lt;anonymous> (C:\Users\flore\Documents\GitHub\test-cases-opencart\tests\/carrito.js:20:9)</stack-trace>
            </failure>
        </test-case>
        <test-case start='1671153436436' status='broken' stop='1671153449720'>
            <name>Deberia buscar iPhone y agregarlo al carrito</name>
            <title>Deberia buscar iPhone y agregarlo al carrito</title>
            <labels>
                <label name='language' value='javascript'/>
                <label name='framework' value='wdio'/>
                <label name='thread' value='0-0'/>
            </labels>
            <parameters>
                <parameter kind='argument' name='browser' value='chrome-108.0.5359.100'/>
            </parameters>
            <steps>
                <step start='1671153437560' status='passed' stop='1671153437560'>
                    <name>Buscar artículo: iPhone</name>
                    <title>Buscar artículo: iPhone</title>
                    <attachments/>
                    <steps/>
                </step>
                <step start='1671153438955' status='passed' stop='1671153438955'>
                    <name>Obtener texto de la barra de búsqueda</name>
                    <title>Obtener texto de la barra de búsqueda</title>
                    <attachments/>
                    <steps/>
                </step>
            </steps>
            <attachments>
                <attachment title='Screenshot' source='5e11580b-f5d2-4315-9465-3d963f7b3cb6-attachment.png' type='image/png' size='75900'/>
            </attachments>
            <failure>
                <message>element ("#button-cart") still not clickable after 10000ms</message>
                <stack-trace>Error: element ("#button-cart") still not clickable after 10000ms
                    at C:\Users\flore\Documents\GitHub\test-cases-opencart\node_modules\webdriverio\build\commands\browser\waitUntil.js:66:23
                    at Element.wrapCommandFn (C:\Users\flore\Documents\GitHub\test-cases-opencart\node_modules\@wdio\utils\build\shim.js:137:29)
                    at Element.elementErrorHandlerCallbackFn (C:\Users\flore\Documents\GitHub\test-cases-opencart\node_modules\webdriverio\build\middlewares.js:24:32)
                    at Element.wrapCommandFn (C:\Users\flore\Documents\GitHub\test-cases-opencart\node_modules\@wdio\utils\build\shim.js:137:29)
                    at Element.wrapCommandFn (C:\Users\flore\Documents\GitHub\test-cases-opencart\node_modules\@wdio\utils\build\shim.js:137:29)
                    at Element.elementErrorHandlerCallbackFn (C:\Users\flore\Documents\GitHub\test-cases-opencart\node_modules\webdriverio\build\middlewares.js:24:32)
                    at Element.wrapCommandFn (C:\Users\flore\Documents\GitHub\test-cases-opencart\node_modules\@wdio\utils\build\shim.js:137:29)
                    at ProductPage.clickearElemento (C:\Users\flore\Documents\GitHub\test-cases-opencart\pages\/base.page.js:20:8)
                    at ProductPage.anadirAlCarrito (C:\Users\flore\Documents\GitHub\test-cases-opencart\pages\/product.page.js:19:5)
                    at Context.&lt;anonymous> (C:\Users\flore\Documents\GitHub\test-cases-opencart\tests\/carrito.js:20:9)</stack-trace>
            </failure>
        </test-case>
    </test-cases>
</ns2:test-suite>